# JRE version: OpenJDK Runtime Environment (8.0_242-b01) (build 1.8.0_242-release-1644-b01)
# Java VM: OpenJDK 64-Bit Server VM (25.242-b01 mixed mode windows-amd64 compressed oops)
Heap:
 PSYoungGen      total 615936K, used 348586K [0x00000000d5580000, 0x0000000100000000, 0x0000000100000000)
  eden space 553472K, 52% used [0x00000000d5580000,0x00000000e700be10,0x00000000f7200000)
  from space 62464K, 94% used [0x00000000fc300000,0x00000000ffcdeb18,0x0000000100000000)
  to   space 72704K, 0% used [0x00000000f7200000,0x00000000f7200000,0x00000000fb900000)
 ParOldGen       total 215040K, used 85483K [0x0000000080000000, 0x000000008d200000, 0x00000000d5580000)
  object space 215040K, 39% used [0x0000000080000000,0x000000008537aec0,0x000000008d200000)
 Metaspace       used 123349K, capacity 132532K, committed 132812K, reserved 1165312K
  class space    used 15960K, capacity 17467K, committed 17664K, reserved 1048576K
GC Heap History (10 events):
Event: 7295.929 GC heap before
{Heap before GC invocations=44 (full 5):
 PSYoungGen      total 601088K, used 70890K [0x00000000d5580000, 0x00000000fe280000, 0x0000000100000000)
  eden space 588288K, 9% used [0x00000000d5580000,0x00000000d8e71bd8,0x00000000f9400000)
  from space 12800K, 98% used [0x00000000fd600000,0x00000000fe248f40,0x00000000fe280000)
  to   space 36864K, 0% used [0x00000000f9a80000,0x00000000f9a80000,0x00000000fbe80000)
 ParOldGen       total 215040K, used 65205K [0x0000000080000000, 0x000000008d200000, 0x00000000d5580000)
  object space 215040K, 30% used [0x0000000080000000,0x0000000083fad4f0,0x000000008d200000)
 Metaspace       used 122056K, capacity 129936K, committed 130764K, reserved 1163264K
  class space    used 15742K, capacity 17079K, committed 17408K, reserved 1048576K
Event: 7295.937 GC heap after
Heap after GC invocations=44 (full 5):
 PSYoungGen      total 589824K, used 1440K [0x00000000d5580000, 0x00000000fdb00000, 0x0000000100000000)
  eden space 588288K, 0% used [0x00000000d5580000,0x00000000d5580000,0x00000000f9400000)
  from space 1536K, 93% used [0x00000000f9a80000,0x00000000f9be8000,0x00000000f9c00000)
  to   space 36352K, 0% used [0x00000000fb780000,0x00000000fb780000,0x00000000fdb00000)
 ParOldGen       total 215040K, used 65205K [0x0000000080000000, 0x000000008d200000, 0x00000000d5580000)
  object space 215040K, 30% used [0x0000000080000000,0x0000000083fad4f0,0x000000008d200000)
 Metaspace       used 122056K, capacity 129936K, committed 130764K, reserved 1163264K
  class space    used 15742K, capacity 17079K, committed 17408K, reserved 1048576K
}
Event: 7295.938 GC heap before
{Heap before GC invocations=45 (full 6):
 PSYoungGen      total 589824K, used 1440K [0x00000000d5580000, 0x00000000fdb00000, 0x0000000100000000)
  eden space 588288K, 0% used [0x00000000d5580000,0x00000000d5580000,0x00000000f9400000)
  from space 1536K, 93% used [0x00000000f9a80000,0x00000000f9be8000,0x00000000f9c00000)
  to   space 36352K, 0% used [0x00000000fb780000,0x00000000fb780000,0x00000000fdb00000)
 ParOldGen       total 215040K, used 65205K [0x0000000080000000, 0x000000008d200000, 0x00000000d5580000)
  object space 215040K, 30% used [0x0000000080000000,0x0000000083fad4f0,0x000000008d200000)
 Metaspace       used 122056K, capacity 129936K, committed 130764K, reserved 1163264K
  class space    used 15742K, capacity 17079K, committed 17408K, reserved 1048576K
Event: 7296.898 GC heap after
Heap after GC invocations=45 (full 6):
 PSYoungGen      total 589824K, used 0K [0x00000000d5580000, 0x00000000fdb00000, 0x0000000100000000)
  eden space 588288K, 0% used [0x00000000d5580000,0x00000000d5580000,0x00000000f9400000)
  from space 1536K, 0% used [0x00000000f9a80000,0x00000000f9a80000,0x00000000f9c00000)
  to   space 36352K, 0% used [0x00000000fb780000,0x00000000fb780000,0x00000000fdb00000)
 ParOldGen       total 215040K, used 52125K [0x0000000080000000, 0x000000008d200000, 0x00000000d5580000)
  object space 215040K, 24% used [0x0000000080000000,0x00000000832e7778,0x000000008d200000)
 Metaspace       used 121931K, capacity 129732K, committed 130764K, reserved 1163264K
  class space    used 15723K, capacity 17045K, committed 17408K, reserved 1048576K
}
Event: 8076.826 GC heap before
{Heap before GC invocations=46 (full 6):
 PSYoungGen      total 589824K, used 588288K [0x00000000d5580000, 0x00000000fdb00000, 0x0000000100000000)
  eden space 588288K, 100% used [0x00000000d5580000,0x00000000f9400000,0x00000000f9400000)
  from space 1536K, 0% used [0x00000000f9a80000,0x00000000f9a80000,0x00000000f9c00000)
  to   space 36352K, 0% used [0x00000000fb780000,0x00000000fb780000,0x00000000fdb00000)
 ParOldGen       total 215040K, used 52125K [0x0000000080000000, 0x000000008d200000, 0x00000000d5580000)
  object space 215040K, 24% used [0x0000000080000000,0x00000000832e7778,0x000000008d200000)
 Metaspace       used 123225K, capacity 132412K, committed 132812K, reserved 1165312K
  class space    used 15950K, capacity 17459K, committed 17664K, reserved 1048576K
Event: 8076.981 GC heap after
Heap after GC invocations=46 (full 6):
 PSYoungGen      total 618496K, used 35616K [0x00000000d5580000, 0x00000000ffe00000, 0x0000000100000000)
  eden space 582144K, 0% used [0x00000000d5580000,0x00000000d5580000,0x00000000f8e00000)
  from space 36352K, 97% used [0x00000000fb780000,0x00000000fda48060,0x00000000fdb00000)
  to   space 42496K, 0% used [0x00000000f8e00000,0x00000000f8e00000,0x00000000fb780000)
 ParOldGen       total 215040K, used 52125K [0x0000000080000000, 0x000000008d200000, 0x00000000d5580000)
  object space 215040K, 24% used [0x0000000080000000,0x00000000832e7778,0x000000008d200000)
 Metaspace       used 123225K, capacity 132412K, committed 132812K, reserved 1165312K
  class space    used 15950K, capacity 17459K, committed 17664K, reserved 1048576K
}
Event: 8079.515 GC heap before
{Heap before GC invocations=47 (full 6):
 PSYoungGen      total 618496K, used 617760K [0x00000000d5580000, 0x00000000ffe00000, 0x0000000100000000)
  eden space 582144K, 100% used [0x00000000d5580000,0x00000000f8e00000,0x00000000f8e00000)
  from space 36352K, 97% used [0x00000000fb780000,0x00000000fda48060,0x00000000fdb00000)
  to   space 42496K, 0% used [0x00000000f8e00000,0x00000000f8e00000,0x00000000fb780000)
 ParOldGen       total 215040K, used 52125K [0x0000000080000000, 0x000000008d200000, 0x00000000d5580000)
  object space 215040K, 24% used [0x0000000080000000,0x00000000832e7778,0x000000008d200000)
 Metaspace       used 123329K, capacity 132518K, committed 132812K, reserved 1165312K
  class space    used 15959K, capacity 17466K, committed 17664K, reserved 1048576K
Event: 8079.857 GC heap after
Heap after GC invocations=47 (full 6):
 PSYoungGen      total 624640K, used 42477K [0x00000000d5580000, 0x0000000100000000, 0x0000000100000000)
  eden space 582144K, 0% used [0x00000000d5580000,0x00000000d5580000,0x00000000f8e00000)
  from space 42496K, 99% used [0x00000000f8e00000,0x00000000fb77b798,0x00000000fb780000)
  to   space 62464K, 0% used [0x00000000fc300000,0x00000000fc300000,0x0000000100000000)
 ParOldGen       total 215040K, used 85475K [0x0000000080000000, 0x000000008d200000, 0x00000000d5580000)
  object space 215040K, 39% used [0x0000000080000000,0x0000000085378ec0,0x000000008d200000)
 Metaspace       used 123329K, capacity 132518K, committed 132812K, reserved 1165312K
  class space    used 15959K, capacity 17466K, committed 17664K, reserved 1048576K
}
Event: 8082.570 GC heap before
{Heap before GC invocations=48 (full 6):
 PSYoungGen      total 624640K, used 624621K [0x00000000d5580000, 0x0000000100000000, 0x0000000100000000)
  eden space 582144K, 100% used [0x00000000d5580000,0x00000000f8e00000,0x00000000f8e00000)
  from space 42496K, 99% used [0x00000000f8e00000,0x00000000fb77b798,0x00000000fb780000)
  to   space 62464K, 0% used [0x00000000fc300000,0x00000000fc300000,0x0000000100000000)
 ParOldGen       total 215040K, used 85475K [0x0000000080000000, 0x000000008d200000, 0x00000000d5580000)
  object space 215040K, 39% used [0x0000000080000000,0x0000000085378ec0,0x000000008d200000)
 Metaspace       used 123340K, capacity 132524K, committed 132812K, reserved 1165312K
  class space    used 15960K, capacity 17467K, committed 17664K, reserved 1048576K
Event: 8082.802 GC heap after
Heap after GC invocations=48 (full 6):
 PSYoungGen      total 615936K, used 59258K [0x00000000d5580000, 0x0000000100000000, 0x0000000100000000)
  eden space 553472K, 0% used [0x00000000d5580000,0x00000000d5580000,0x00000000f7200000)
  from space 62464K, 94% used [0x00000000fc300000,0x00000000ffcdeb18,0x0000000100000000)
  to   space 72704K, 0% used [0x00000000f7200000,0x00000000f7200000,0x00000000fb900000)
 ParOldGen       total 215040K, used 85483K [0x0000000080000000, 0x000000008d200000, 0x00000000d5580000)
  object space 215040K, 39% used [0x0000000080000000,0x000000008537aec0,0x000000008d200000)
 Metaspace       used 123340K, capacity 132524K, committed 132812K, reserved 1165312K
  class space    used 15960K, capacity 17467K, committed 17664K, reserved 1048576K
}

